2019-02-21 15:02:50
<xml><ToUserName><![CDATA[gh_5c3e47184eee]]></ToUserName>
<FromUserName><![CDATA[ot0Xe5zVyazILa8l7X921fiLm1Eo]]></FromUserName>
<CreateTime>1550721315</CreateTime>
<MsgType><![CDATA[image]]></MsgType>
<PicUrl><![CDATA[http://mmbiz.qpic.cn/mmbiz_jpg/dD2Vcw3coPEUUYUjKicSwRXn5vGWNUpgmt9odjRBNfiajWexDkQvwXF4Dp5mEmGsmtwPqOjDcbNkTlJcwZ6uergw/0]]></PicUrl>
<MsgId>22200992539646447</MsgId>
<MediaId><![CDATA[U-ptd6If8HBTu49t9v2zEJF-FmA5jSvFtwyj8RCm8jf5gFY5c1iILbGvVIDS8CFx]]></MediaId>
</xml>


<<<<<2019-02-21 16:45:51
<xml><ToUserName><![CDATA[gh_5c3e47184eee]]></ToUserName>
<FromUserName><![CDATA[ot0Xe5zVyazILa8l7X921fiLm1Eo]]></FromUserName>
<CreateTime>1550721315</CreateTime>
<MsgType><![CDATA[image]]></MsgType>
<PicUrl><![CDATA[http://mmbiz.qpic.cn/mmbiz_jpg/dD2Vcw3coPEUUYUjKicSwRXn5vGWNUpgmt9odjRBNfiajWexDkQvwXF4Dp5mEmGsmtwPqOjDcbNkTlJcwZ6uergw/0]]></PicUrl>
<MsgId>22200992539646447</MsgId>
<MediaId><![CDATA[U-ptd6If8HBTu49t9v2zEJF-FmA5jSvFtwyj8RCm8jf5gFY5c1iILbGvVIDS8CFx]]></MediaId>
</xml>


<<<<<2019-02-21 16:45:58
<xml><ToUserName><![CDATA[gh_5c3e47184eee]]></ToUserName>
<FromUserName><![CDATA[ot0Xe5zVyazILa8l7X921fiLm1Eo]]></FromUserName>
<CreateTime>1550721315</CreateTime>
<MsgType><![CDATA[image]]></MsgType>
<PicUrl><![CDATA[http://mmbiz.qpic.cn/mmbiz_jpg/dD2Vcw3coPEUUYUjKicSwRXn5vGWNUpgmt9odjRBNfiajWexDkQvwXF4Dp5mEmGsmtwPqOjDcbNkTlJcwZ6uergw/0]]></PicUrl>
<MsgId>22200992539646447</MsgId>
<MediaId><![CDATA[U-ptd6If8HBTu49t9v2zEJF-FmA5jSvFtwyj8RCm8jf5gFY5c1iILbGvVIDS8CFx]]></MediaId>
</xml>


<<<<<2019-02-21 16:46:30
<xml><ToUserName><![CDATA[gh_5c3e47184eee]]></ToUserName>
<FromUserName><![CDATA[ot0Xe5zVyazILa8l7X921fiLm1Eo]]></FromUserName>
<CreateTime>1550720948</CreateTime>
<MsgType><![CDATA[voice]]></MsgType>
<MediaId><![CDATA[b2uuaEDosZJJWCEMusR13F_NO2ZDgFYsUiE-GcD-cPfB7omaeyCV-OBAVyHHC9E0]]></MediaId>
<Format><![CDATA[amr]]></Format>
<MsgId>22200984549088736</MsgId>
<Recognition><![CDATA[]]></Recognition>
</xml>



<<<<<2019-02-21 16:55:41
<xml><ToUserName><![CDATA[gh_5c3e47184eee]]></ToUserName>
<FromUserName><![CDATA[ot0Xe5zVyazILa8l7X921fiLm1Eo]]></FromUserName>
<CreateTime>1550720948</CreateTime>
<MsgType><![CDATA[voice]]></MsgType>
<MediaId><![CDATA[b2uuaEDosZJJWCEMusR13F_NO2ZDgFYsUiE-GcD-cPfB7omaeyCV-OBAVyHHC9E0]]></MediaId>
<Format><![CDATA[amr]]></Format>
<MsgId>22200984549088736</MsgId>
<Recognition><![CDATA[]]></Recognition>
</xml>



<<<<<2019-02-21 17:10:31
<xml><ToUserName><![CDATA[gh_5c3e47184eee]]></ToUserName>
<FromUserName><![CDATA[ot0Xe5zVyazILa8l7X921fiLm1Eo]]></FromUserName>
<CreateTime>1550720948</CreateTime>
<MsgType><![CDATA[voice]]></MsgType>
<MediaId><![CDATA[b2uuaEDosZJJWCEMusR13F_NO2ZDgFYsUiE-GcD-cPfB7omaeyCV-OBAVyHHC9E0]]></MediaId>
<Format><![CDATA[amr]]></Format>
<MsgId>22200984549088736</MsgId>
<Recognition><![CDATA[]]></Recognition>
</xml>



<<<<<2019-02-25 11:36:47
<xml><ToUserName><![CDATA[gh_5c3e47184eee]]></ToUserName>
<FromUserName><![CDATA[ot0Xe5zVyazILa8l7X921fiLm1Eo]]></FromUserName>
<CreateTime>1550721007</CreateTime>
<MsgType><![CDATA[text]]></MsgType>
<Content><![CDATA[来咯啦咯]]></Content>
<MsgId>22200988624947861</MsgId>
</xml>


<<<<<2019-02-25 11:39:45
<xml><ToUserName><![CDATA[gh_5c3e47184eee]]></ToUserName>
<FromUserName><![CDATA[ot0Xe5zVyazILa8l7X921fiLm1Eo]]></FromUserName>
<CreateTime>1550721007</CreateTime>
<MsgType><![CDATA[text]]></MsgType>
<Content><![CDATA[来咯啦咯]]></Content>
<MsgId>22200988624947861</MsgId>
</xml>


<<<<<2019-02-25 11:42:15
<xml><ToUserName><![CDATA[gh_5c3e47184eee]]></ToUserName>
<FromUserName><![CDATA[ot0Xe5zVyazILa8l7X921fiLm1Eo]]></FromUserName>
<CreateTime>1550721007</CreateTime>
<MsgType><![CDATA[text]]></MsgType>
<Content><![CDATA[来咯啦咯]]></Content>
<MsgId>22200988624947861</MsgId>
</xml>


<<<<<2019-02-25 11:44:34
<xml><ToUserName><![CDATA[gh_5c3e47184eee]]></ToUserName>
<FromUserName><![CDATA[ot0Xe5zVyazILa8l7X921fiLm1Eo]]></FromUserName>
<CreateTime>1550721007</CreateTime>
<MsgType><![CDATA[text]]></MsgType>
<Content><![CDATA[来咯啦咯]]></Content>
<MsgId>22200988624947861</MsgId>
</xml>


<<<<<2019-02-25 11:47:11
<xml><ToUserName><![CDATA[gh_5c3e47184eee]]></ToUserName>
<FromUserName><![CDATA[ot0Xe5zVyazILa8l7X921fiLm1Eo]]></FromUserName>
<CreateTime>1550721007</CreateTime>
<MsgType><![CDATA[text]]></MsgType>
<Content><![CDATA[来咯啦咯]]></Content>
<MsgId>22200988624947861</MsgId>
</xml>


<<<<<2019-02-25 11:56:08
<xml><ToUserName><![CDATA[gh_5c3e47184eee]]></ToUserName>
<FromUserName><![CDATA[ot0Xe5zVyazILa8l7X921fiLm1Eo]]></FromUserName>
<CreateTime>1550721007</CreateTime>
<MsgType><![CDATA[text]]></MsgType>
<Content><![CDATA[来咯啦咯]]></Content>
<MsgId>22200988624947861</MsgId>
</xml>


<<<<<2019-02-25 12:44:46
<xml><ToUserName><![CDATA[gh_5c3e47184eee]]></ToUserName>
<FromUserName><![CDATA[ot0Xe5zVyazILa8l7X921fiLm1Eo]]></FromUserName>
<CreateTime>1550721007</CreateTime>
<MsgType><![CDATA[text]]></MsgType>
<Content><![CDATA[来咯啦咯]]></Content>
<MsgId>22200988624947861</MsgId>
</xml>


<<<<<2019-02-25 12:45:52
<xml><ToUserName><![CDATA[gh_5c3e47184eee]]></ToUserName>
<FromUserName><![CDATA[ot0Xe5zVyazILa8l7X921fiLm1Eo]]></FromUserName>
<CreateTime>1550721007</CreateTime>
<MsgType><![CDATA[text]]></MsgType>
<Content><![CDATA[来咯啦咯]]></Content>
<MsgId>22200988624947861</MsgId>
</xml>


<<<<<2019-02-25 15:09:20
<xml><ToUserName><![CDATA[gh_5c3e47184eee]]></ToUserName>
<FromUserName><![CDATA[ot0Xe5zVyazILa8l7X921fiLm1Eo]]></FromUserName>
<CreateTime>1550721007</CreateTime>
<MsgType><![CDATA[text]]></MsgType>
<Content><![CDATA[来咯啦咯]]></Content>
<MsgId>22200988624947861</MsgId>
</xml>


<<<<<