2019-02-27 11:44:05
<xml><appid><![CDATA[wxd5af665b240b75d4]]></appid>
<bank_type><![CDATA[CFT]]></bank_type>
<cash_fee><![CDATA[1]]></cash_fee>
<fee_type><![CDATA[CNY]]></fee_type>
<is_subscribe><![CDATA[N]]></is_subscribe>
<mch_id><![CDATA[1500086022]]></mch_id>
<nonce_str><![CDATA[HGZcwPhSDh4tsgvD]]></nonce_str>
<openid><![CDATA[osZaFw_byvQ55CuBoDt4LjHG8E9w]]></openid>
<out_trade_no><![CDATA[1902270914518394021]]></out_trade_no>
<result_code><![CDATA[SUCCESS]]></result_code>
<return_code><![CDATA[SUCCESS]]></return_code>
<sign><![CDATA[33D40594D4447D1DC976A64F5276B7B9]]></sign>
<time_end><![CDATA[20190227091440]]></time_end>
<total_fee>1</total_fee>
<trade_type><![CDATA[NATIVE]]></trade_type>
<transaction_id><![CDATA[4200000245201902272191343280]]></transaction_id>
</xml>


<<<<<<<2019-02-27 11:49:41
<xml><appid><![CDATA[wxd5af665b240b75d4]]></appid>
<bank_type><![CDATA[CFT]]></bank_type>
<cash_fee><![CDATA[1]]></cash_fee>
<fee_type><![CDATA[CNY]]></fee_type>
<is_subscribe><![CDATA[N]]></is_subscribe>
<mch_id><![CDATA[1500086022]]></mch_id>
<nonce_str><![CDATA[HGZcwPhSDh4tsgvD]]></nonce_str>
<openid><![CDATA[osZaFw_byvQ55CuBoDt4LjHG8E9w]]></openid>
<out_trade_no><![CDATA[1902270914518394021]]></out_trade_no>
<result_code><![CDATA[SUCCESS]]></result_code>
<return_code><![CDATA[SUCCESS]]></return_code>
<sign><![CDATA[33D40594D4447D1DC976A64F5276B7B9]]></sign>
<time_end><![CDATA[20190227091440]]></time_end>
<total_fee>1</total_fee>
<trade_type><![CDATA[NATIVE]]></trade_type>
<transaction_id><![CDATA[4200000245201902272191343280]]></transaction_id>
</xml>


<<<<<<<2019-02-27 11:58:17
<xml><appid><![CDATA[wxd5af665b240b75d4]]></appid>
<bank_type><![CDATA[CFT]]></bank_type>
<cash_fee><![CDATA[1]]></cash_fee>
<fee_type><![CDATA[CNY]]></fee_type>
<is_subscribe><![CDATA[N]]></is_subscribe>
<mch_id><![CDATA[1500086022]]></mch_id>
<nonce_str><![CDATA[HGZcwPhSDh4tsgvD]]></nonce_str>
<openid><![CDATA[osZaFw_byvQ55CuBoDt4LjHG8E9w]]></openid>
<out_trade_no><![CDATA[1902270914518394021]]></out_trade_no>
<result_code><![CDATA[SUCCESS]]></result_code>
<return_code><![CDATA[SUCCESS]]></return_code>
<sign><![CDATA[33D40594D4447D1DC976A64F5276B7B9]]></sign>
<time_end><![CDATA[20190227091440]]></time_end>
<total_fee>1</total_fee>
<trade_type><![CDATA[NATIVE]]></trade_type>
<transaction_id><![CDATA[4200000245201902272191343280]]></transaction_id>
</xml>


<<<<<<<2019-02-27 14:00:32
<xml><appid><![CDATA[wxd5af665b240b75d4]]></appid>
<bank_type><![CDATA[CFT]]></bank_type>
<cash_fee><![CDATA[1]]></cash_fee>
<fee_type><![CDATA[CNY]]></fee_type>
<is_subscribe><![CDATA[N]]></is_subscribe>
<mch_id><![CDATA[1500086022]]></mch_id>
<nonce_str><![CDATA[Gm9ryw0apIl4UanB]]></nonce_str>
<openid><![CDATA[osZaFw_byvQ55CuBoDt4LjHG8E9w]]></openid>
<out_trade_no><![CDATA[1902271352997972892]]></out_trade_no>
<result_code><![CDATA[SUCCESS]]></result_code>
<return_code><![CDATA[SUCCESS]]></return_code>
<sign><![CDATA[2F00021CD344253901A59924DDD3D95B]]></sign>
<time_end><![CDATA[20190227135640]]></time_end>
<total_fee>1</total_fee>
<trade_type><![CDATA[NATIVE]]></trade_type>
<transaction_id><![CDATA[4200000244201902279082827272]]></transaction_id>
</xml>


<<<<<<<2019-02-27 14:10:11
<xml><appid><![CDATA[wxd5af665b240b75d4]]></appid>
<bank_type><![CDATA[CFT]]></bank_type>
<cash_fee><![CDATA[1]]></cash_fee>
<fee_type><![CDATA[CNY]]></fee_type>
<is_subscribe><![CDATA[N]]></is_subscribe>
<mch_id><![CDATA[1500086022]]></mch_id>
<nonce_str><![CDATA[KEYXJIR7yp0gNsqh]]></nonce_str>
<openid><![CDATA[osZaFw_byvQ55CuBoDt4LjHG8E9w]]></openid>
<out_trade_no><![CDATA[1902271407289535522]]></out_trade_no>
<result_code><![CDATA[SUCCESS]]></result_code>
<return_code><![CDATA[SUCCESS]]></return_code>
<sign><![CDATA[0D3BF6E719570889C24385B59332D2E6]]></sign>
<time_end><![CDATA[20190227140823]]></time_end>
<total_fee>1</total_fee>
<trade_type><![CDATA[NATIVE]]></trade_type>
<transaction_id><![CDATA[4200000240201902278473755235]]></transaction_id>
</xml>



<<<<<<<